<?xml version="1.0" encoding="UTF-8"?>
<testng-results ignored="0" total="1" passed="1" failed="0" skipped="0">
  <reporter-output>
  </reporter-output>
  <suite started-at="2023-07-19T22:05:40 IST" name="Default suite" finished-at="2023-07-19T22:05:51 IST" duration-ms="10436">
    <groups>
    </groups>
    <test started-at="2023-07-19T22:05:40 IST" name="Default test" finished-at="2023-07-19T22:05:51 IST" duration-ms="10436">
      <class name="ABC.Myntraa">
        <test-method signature="f()[pri:0, instance:ABC.Myntraa@6221a451]" started-at="2023-07-19T22:05:40 IST" name="f" finished-at="2023-07-19T22:05:51 IST" duration-ms="10328" status="PASS">
          <reporter-output>
          </reporter-output>
        </test-method> <!-- f -->
      </class> <!-- ABC.Myntraa -->
    </test> <!-- Default test -->
  </suite> <!-- Default suite -->
</testng-results>
